<?xml version="1.0" encoding="utf-8"?><testsuites name="pytest tests"><testsuite name="pytest" errors="0" failures="0" skipped="0" tests="8" time="0.966" timestamp="2026-05-22T15:34:57.528093+00:00" hostname="agent-env-802b2f61-0f03-40a2-9e8f-45ce441b0171"><testcase classname="backend.tests.test_odd_justa_api" name="test_root" time="0.227" /><testcase classname="backend.tests.test_odd_justa_api" name="test_teams" time="0.076" /><testcase classname="backend.tests.test_odd_justa_api" name="test_rounds_returns_structure" time="0.088" /><testcase classname="backend.tests.test_odd_justa_api" name="test_round_17_exists" time="0.084" /><testcase classname="backend.tests.test_odd_justa_api" name="test_gremio_santos_mapping" time="0.078" /><testcase classname="backend.tests.test_odd_justa_api" name="test_match_invalid_returns_404" time="0.079" /><testcase classname="backend.tests.test_odd_justa_api" name="test_match_sp_botafogo_analysis" time="0.081" /><testcase classname="backend.tests.test_odd_justa_api" name="test_match_sp_botafogo_fair_odds_reasonable" time="0.077" /></testsuite></testsuites>